{"F:\\Transmogrifier\\Export\\lib\\android.js":{"path":"F:\\Transmogrifier\\Export\\lib\\android.js","s":{"1":1,"2":1,"3":1,"4":2,"5":1,"6":2,"7":1,"8":1,"9":1,"10":1,"11":15,"12":13,"13":2,"14":1,"15":1,"16":1,"17":13,"18":13,"19":1,"20":13,"21":13,"22":13,"23":2,"24":9,"25":9,"26":13,"27":53,"28":53,"29":53,"30":13,"31":1,"32":2},"b":{"1":[1,1],"2":[13,2],"3":[2,11],"4":[53,0],"5":[53,53],"6":[53,0]},"f":{"1":2,"2":2,"3":13,"4":13,"5":2},"fnMap":{"1":{"name":"(anonymous_1)","line":4,"loc":{"start":{"line":4,"column":30},"end":{"line":4,"column":82}}},"2":{"name":"makeXML","line":8,"loc":{"start":{"line":8,"column":0},"end":{"line":8,"column":60}}},"3":{"name":"getPlurals","line":31,"loc":{"start":{"line":31,"column":0},"end":{"line":31,"column":26}}},"4":{"name":"getPluralChildren","line":40,"loc":{"start":{"line":40,"column":0},"end":{"line":40,"column":44}}},"5":{"name":"getItem","line":60,"loc":{"start":{"line":60,"column":0},"end":{"line":60,"column":23}}}},"statementMap":{"1":{"start":{"line":1,"column":0},"end":{"line":1,"column":35}},"2":{"start":{"line":2,"column":0},"end":{"line":2,"column":31}},"3":{"start":{"line":4,"column":0},"end":{"line":6,"column":2}},"4":{"start":{"line":5,"column":4},"end":{"line":5,"column":61}},"5":{"start":{"line":8,"column":0},"end":{"line":28,"column":1}},"6":{"start":{"line":9,"column":4},"end":{"line":27,"column":5}},"7":{"start":{"line":9,"column":31},"end":{"line":9,"column":43}},"8":{"start":{"line":12,"column":8},"end":{"line":12,"column":23}},"9":{"start":{"line":13,"column":8},"end":{"line":13,"column":25}},"10":{"start":{"line":14,"column":8},"end":{"line":17,"column":9}},"11":{"start":{"line":15,"column":12},"end":{"line":16,"column":65}},"12":{"start":{"line":15,"column":59},"end":{"line":15,"column":112}},"13":{"start":{"line":16,"column":17},"end":{"line":16,"column":65}},"14":{"start":{"line":19,"column":8},"end":{"line":24,"column":68}},"15":{"start":{"line":26,"column":8},"end":{"line":26,"column":19}},"16":{"start":{"line":31,"column":0},"end":{"line":38,"column":1}},"17":{"start":{"line":32,"column":4},"end":{"line":32,"column":85}},"18":{"start":{"line":33,"column":4},"end":{"line":37,"column":6}},"19":{"start":{"line":40,"column":0},"end":{"line":58,"column":1}},"20":{"start":{"line":41,"column":4},"end":{"line":41,"column":63}},"21":{"start":{"line":42,"column":4},"end":{"line":42,"column":22}},"22":{"start":{"line":43,"column":4},"end":{"line":48,"column":5}},"23":{"start":{"line":44,"column":8},"end":{"line":47,"column":9}},"24":{"start":{"line":45,"column":12},"end":{"line":45,"column":40}},"25":{"start":{"line":46,"column":12},"end":{"line":46,"column":60}},"26":{"start":{"line":50,"column":4},"end":{"line":56,"column":5}},"27":{"start":{"line":52,"column":8},"end":{"line":55,"column":9}},"28":{"start":{"line":54,"column":12},"end":{"line":55,"column":8}},"29":{"start":{"line":54,"column":30},"end":{"line":55,"column":8}},"30":{"start":{"line":57,"column":4},"end":{"line":57,"column":20}},"31":{"start":{"line":60,"column":0},"end":{"line":66,"column":1}},"32":{"start":{"line":61,"column":4},"end":{"line":65,"column":6}}},"branchMap":{"1":{"line":9,"type":"if","locations":[{"start":{"line":9,"column":4},"end":{"line":9,"column":4}},{"start":{"line":9,"column":4},"end":{"line":9,"column":4}}]},"2":{"line":15,"type":"if","locations":[{"start":{"line":15,"column":12},"end":{"line":15,"column":12}},{"start":{"line":15,"column":12},"end":{"line":15,"column":12}}]},"3":{"line":43,"type":"if","locations":[{"start":{"line":43,"column":4},"end":{"line":43,"column":4}},{"start":{"line":43,"column":4},"end":{"line":43,"column":4}}]},"4":{"line":52,"type":"if","locations":[{"start":{"line":52,"column":8},"end":{"line":52,"column":8}},{"start":{"line":52,"column":8},"end":{"line":52,"column":8},"skip":true}]},"5":{"line":52,"type":"binary-expr","locations":[{"start":{"line":52,"column":13},"end":{"line":52,"column":46}},{"start":{"line":52,"column":50},"end":{"line":52,"column":86}}]},"6":{"line":54,"type":"if","locations":[{"start":{"line":54,"column":12},"end":{"line":54,"column":12}},{"start":{"line":54,"column":12},"end":{"line":54,"column":12},"skip":true}]}}},"F:\\Transmogrifier\\Export\\lib\\utils.js":{"path":"F:\\Transmogrifier\\Export\\lib\\utils.js","s":{"1":1,"2":1,"3":1,"4":1,"5":1,"6":1,"7":1,"8":2,"9":2,"10":0,"11":2,"12":4,"13":8,"14":2,"15":2,"16":0,"17":2,"18":6,"19":12,"20":2,"21":2,"22":2,"23":2,"24":2,"25":0,"26":2,"27":1},"b":{"1":[0,2],"2":[2,6],"3":[8,6],"4":[0,2],"5":[2,10],"6":[12,10],"7":[2,0],"8":[0,2]},"f":{"1":1,"2":1,"3":2},"fnMap":{"1":{"name":"(anonymous_1)","line":1,"loc":{"start":{"line":1,"column":26},"end":{"line":1,"column":53}}},"2":{"name":"(anonymous_2)","line":7,"loc":{"start":{"line":7,"column":32},"end":{"line":7,"column":55}}},"3":{"name":"(anonymous_3)","line":11,"loc":{"start":{"line":11,"column":34},"end":{"line":11,"column":76}}}},"statementMap":{"1":{"start":{"line":1,"column":0},"end":{"line":5,"column":2}},"2":{"start":{"line":2,"column":4},"end":{"line":2,"column":35}},"3":{"start":{"line":3,"column":4},"end":{"line":3,"column":26}},"4":{"start":{"line":4,"column":4},"end":{"line":4,"column":17}},"5":{"start":{"line":7,"column":0},"end":{"line":9,"column":2}},"6":{"start":{"line":8,"column":4},"end":{"line":8,"column":38}},"7":{"start":{"line":11,"column":0},"end":{"line":31,"column":2}},"8":{"start":{"line":12,"column":4},"end":{"line":12,"column":38}},"9":{"start":{"line":13,"column":4},"end":{"line":18,"column":5}},"10":{"start":{"line":13,"column":23},"end":{"line":13,"column":37}},"11":{"start":{"line":15,"column":8},"end":{"line":17,"column":102}},"12":{"start":{"line":16,"column":12},"end":{"line":17,"column":102}},"13":{"start":{"line":16,"column":43},"end":{"line":17,"column":102}},"14":{"start":{"line":17,"column":72},"end":{"line":17,"column":102}},"15":{"start":{"line":19,"column":4},"end":{"line":24,"column":5}},"16":{"start":{"line":19,"column":21},"end":{"line":19,"column":36}},"17":{"start":{"line":21,"column":8},"end":{"line":23,"column":99}},"18":{"start":{"line":22,"column":12},"end":{"line":23,"column":99}},"19":{"start":{"line":22,"column":41},"end":{"line":23,"column":99}},"20":{"start":{"line":23,"column":70},"end":{"line":23,"column":99}},"21":{"start":{"line":25,"column":4},"end":{"line":25,"column":21}},"22":{"start":{"line":26,"column":4},"end":{"line":26,"column":42}},"23":{"start":{"line":26,"column":15},"end":{"line":26,"column":42}},"24":{"start":{"line":27,"column":4},"end":{"line":27,"column":42}},"25":{"start":{"line":27,"column":16},"end":{"line":27,"column":42}},"26":{"start":{"line":29,"column":4},"end":{"line":29,"column":19}},"27":{"start":{"line":34,"column":0},"end":{"line":305,"column":2}}},"branchMap":{"1":{"line":13,"type":"if","locations":[{"start":{"line":13,"column":4},"end":{"line":13,"column":4}},{"start":{"line":13,"column":4},"end":{"line":13,"column":4}}]},"2":{"line":16,"type":"if","locations":[{"start":{"line":16,"column":43},"end":{"line":16,"column":43}},{"start":{"line":16,"column":43},"end":{"line":16,"column":43}}]},"3":{"line":16,"type":"binary-expr","locations":[{"start":{"line":16,"column":48},"end":{"line":16,"column":101}},{"start":{"line":17,"column":19},"end":{"line":17,"column":69}}]},"4":{"line":19,"type":"if","locations":[{"start":{"line":19,"column":4},"end":{"line":19,"column":4}},{"start":{"line":19,"column":4},"end":{"line":19,"column":4}}]},"5":{"line":22,"type":"if","locations":[{"start":{"line":22,"column":41},"end":{"line":22,"column":41}},{"start":{"line":22,"column":41},"end":{"line":22,"column":41}}]},"6":{"line":22,"type":"binary-expr","locations":[{"start":{"line":22,"column":46},"end":{"line":22,"column":97}},{"start":{"line":23,"column":19},"end":{"line":23,"column":67}}]},"7":{"line":26,"type":"if","locations":[{"start":{"line":26,"column":4},"end":{"line":26,"column":4}},{"start":{"line":26,"column":4},"end":{"line":26,"column":4}}]},"8":{"line":27,"type":"if","locations":[{"start":{"line":27,"column":4},"end":{"line":27,"column":4}},{"start":{"line":27,"column":4},"end":{"line":27,"column":4}}]}}},"F:\\Transmogrifier\\Export\\lib\\ios.js":{"path":"F:\\Transmogrifier\\Export\\lib\\ios.js","s":{"1":1,"2":1,"3":1,"4":1,"5":1,"6":1,"7":0,"8":1,"9":1,"10":15,"11":15,"12":2,"13":1,"14":1,"15":1,"16":0,"17":1,"18":1,"19":1,"20":15,"21":13,"22":1,"23":1,"24":1,"25":0,"26":1,"27":13,"28":13,"29":1,"30":13,"31":13,"32":13,"33":13,"34":53,"35":53,"36":53,"37":53,"38":53,"39":53,"40":53,"41":13},"b":{"1":[0,1],"2":[2,13],"3":[0,1],"4":[13,2],"5":[2,11],"6":[53,0],"7":[53,53],"8":[53,0]},"f":{"1":1,"2":1,"3":1,"4":0,"5":13,"6":13},"fnMap":{"1":{"name":"(anonymous_1)","line":4,"loc":{"start":{"line":4,"column":30},"end":{"line":4,"column":82}}},"2":{"name":"makePairValue","line":11,"loc":{"start":{"line":11,"column":0},"end":{"line":11,"column":44}}},"3":{"name":"makeXML","line":32,"loc":{"start":{"line":32,"column":0},"end":{"line":32,"column":60}}},"4":{"name":"getItem","line":70,"loc":{"start":{"line":70,"column":0},"end":{"line":70,"column":23}}},"5":{"name":"getPlurals","line":83,"loc":{"start":{"line":83,"column":0},"end":{"line":83,"column":26}}},"6":{"name":"getPluralChildren","line":99,"loc":{"start":{"line":99,"column":0},"end":{"line":99,"column":44}}}},"statementMap":{"1":{"start":{"line":1,"column":0},"end":{"line":1,"column":35}},"2":{"start":{"line":2,"column":0},"end":{"line":2,"column":31}},"3":{"start":{"line":4,"column":0},"end":{"line":9,"column":2}},"4":{"start":{"line":5,"column":4},"end":{"line":8,"column":6}},"5":{"start":{"line":11,"column":0},"end":{"line":30,"column":1}},"6":{"start":{"line":12,"column":4},"end":{"line":29,"column":5}},"7":{"start":{"line":12,"column":31},"end":{"line":12,"column":43}},"8":{"start":{"line":14,"column":8},"end":{"line":14,"column":97}},"9":{"start":{"line":15,"column":8},"end":{"line":27,"column":9}},"10":{"start":{"line":16,"column":12},"end":{"line":16,"column":49}},"11":{"start":{"line":25,"column":12},"end":{"line":25,"column":106}},"12":{"start":{"line":25,"column":36},"end":{"line":25,"column":106}},"13":{"start":{"line":28,"column":8},"end":{"line":28,"column":25}},"14":{"start":{"line":32,"column":0},"end":{"line":68,"column":1}},"15":{"start":{"line":33,"column":4},"end":{"line":67,"column":5}},"16":{"start":{"line":33,"column":31},"end":{"line":33,"column":43}},"17":{"start":{"line":35,"column":8},"end":{"line":35,"column":23}},"18":{"start":{"line":36,"column":8},"end":{"line":36,"column":25}},"19":{"start":{"line":37,"column":8},"end":{"line":40,"column":9}},"20":{"start":{"line":38,"column":12},"end":{"line":38,"column":112}},"21":{"start":{"line":38,"column":59},"end":{"line":38,"column":112}},"22":{"start":{"line":41,"column":8},"end":{"line":52,"column":64}},"23":{"start":{"line":54,"column":8},"end":{"line":66,"column":56}},"24":{"start":{"line":70,"column":0},"end":{"line":81,"column":1}},"25":{"start":{"line":71,"column":4},"end":{"line":80,"column":6}},"26":{"start":{"line":83,"column":0},"end":{"line":97,"column":1}},"27":{"start":{"line":84,"column":4},"end":{"line":84,"column":85}},"28":{"start":{"line":85,"column":4},"end":{"line":96,"column":6}},"29":{"start":{"line":99,"column":0},"end":{"line":125,"column":1}},"30":{"start":{"line":100,"column":4},"end":{"line":100,"column":63}},"31":{"start":{"line":101,"column":4},"end":{"line":103,"column":6}},"32":{"start":{"line":104,"column":4},"end":{"line":104,"column":26}},"33":{"start":{"line":105,"column":4},"end":{"line":117,"column":5}},"34":{"start":{"line":107,"column":8},"end":{"line":116,"column":9}},"35":{"start":{"line":109,"column":12},"end":{"line":114,"column":13}},"36":{"start":{"line":110,"column":16},"end":{"line":110,"column":48}},"37":{"start":{"line":111,"column":16},"end":{"line":111,"column":54}},"38":{"start":{"line":112,"column":16},"end":{"line":112,"column":37}},"39":{"start":{"line":113,"column":16},"end":{"line":113,"column":49}},"40":{"start":{"line":115,"column":12},"end":{"line":115,"column":28}},"41":{"start":{"line":118,"column":4},"end":{"line":125,"column":0}}},"branchMap":{"1":{"line":12,"type":"if","locations":[{"start":{"line":12,"column":4},"end":{"line":12,"column":4}},{"start":{"line":12,"column":4},"end":{"line":12,"column":4}}]},"2":{"line":25,"type":"if","locations":[{"start":{"line":25,"column":12},"end":{"line":25,"column":12}},{"start":{"line":25,"column":12},"end":{"line":25,"column":12}}]},"3":{"line":33,"type":"if","locations":[{"start":{"line":33,"column":4},"end":{"line":33,"column":4}},{"start":{"line":33,"column":4},"end":{"line":33,"column":4}}]},"4":{"line":38,"type":"if","locations":[{"start":{"line":38,"column":12},"end":{"line":38,"column":12}},{"start":{"line":38,"column":12},"end":{"line":38,"column":12}}]},"5":{"line":87,"type":"cond-expr","locations":[{"start":{"line":87,"column":62},"end":{"line":87,"column":69}},{"start":{"line":87,"column":72},"end":{"line":87,"column":87}}]},"6":{"line":107,"type":"if","locations":[{"start":{"line":107,"column":8},"end":{"line":107,"column":8}},{"start":{"line":107,"column":8},"end":{"line":107,"column":8},"skip":true}]},"7":{"line":107,"type":"binary-expr","locations":[{"start":{"line":107,"column":13},"end":{"line":107,"column":46}},{"start":{"line":107,"column":50},"end":{"line":107,"column":86}}]},"8":{"line":109,"type":"if","locations":[{"start":{"line":109,"column":12},"end":{"line":109,"column":12}},{"start":{"line":109,"column":12},"end":{"line":109,"column":12},"skip":true}]}}}}