TN:
SF:F:\Transmogrifier\Export\lib\android.js
FN:4,(anonymous_1)
FN:8,makeXML
FN:31,getPlurals
FN:40,getPluralChildren
FN:60,getItem
FNF:5
FNH:5
FNDA:2,(anonymous_1)
FNDA:2,makeXML
FNDA:13,getPlurals
FNDA:13,getPluralChildren
FNDA:2,getItem
DA:1,1
DA:2,1
DA:4,1
DA:5,2
DA:8,1
DA:9,2
DA:12,1
DA:13,1
DA:14,1
DA:15,15
DA:16,2
DA:19,1
DA:26,1
DA:31,1
DA:32,13
DA:33,13
DA:40,1
DA:41,13
DA:42,13
DA:43,13
DA:44,2
DA:45,9
DA:46,9
DA:50,13
DA:52,53
DA:54,53
DA:57,13
DA:60,1
DA:61,2
LF:29
LH:29
BRDA:9,1,0,1
BRDA:9,1,1,1
BRDA:15,2,0,13
BRDA:15,2,1,2
BRDA:43,3,0,2
BRDA:43,3,1,11
BRDA:52,4,0,53
BRDA:52,4,1,0
BRDA:52,5,0,53
BRDA:52,5,1,53
BRDA:54,6,0,53
BRDA:54,6,1,0
BRF:12
BRH:12
end_of_record
TN:
SF:F:\Transmogrifier\Export\lib\utils.js
FN:1,(anonymous_1)
FN:7,(anonymous_2)
FN:11,(anonymous_3)
FNF:3
FNH:3
FNDA:1,(anonymous_1)
FNDA:1,(anonymous_2)
FNDA:2,(anonymous_3)
DA:1,1
DA:2,1
DA:3,1
DA:4,1
DA:7,1
DA:8,1
DA:11,1
DA:12,2
DA:13,2
DA:15,2
DA:16,8
DA:17,2
DA:19,2
DA:21,2
DA:22,12
DA:23,2
DA:25,2
DA:26,2
DA:27,2
DA:29,2
DA:34,1
LF:21
LH:21
BRDA:13,1,0,0
BRDA:13,1,1,2
BRDA:16,2,0,2
BRDA:16,2,1,6
BRDA:16,3,0,8
BRDA:16,3,1,6
BRDA:19,4,0,0
BRDA:19,4,1,2
BRDA:22,5,0,2
BRDA:22,5,1,10
BRDA:22,6,0,12
BRDA:22,6,1,10
BRDA:26,7,0,2
BRDA:26,7,1,0
BRDA:27,8,0,0
BRDA:27,8,1,2
BRF:16
BRH:12
end_of_record
TN:
SF:F:\Transmogrifier\Export\lib\ios.js
FN:4,(anonymous_1)
FN:11,makePairValue
FN:32,makeXML
FN:70,getItem
FN:83,getPlurals
FN:99,getPluralChildren
FNF:6
FNH:5
FNDA:1,(anonymous_1)
FNDA:1,makePairValue
FNDA:1,makeXML
FNDA:0,getItem
FNDA:13,getPlurals
FNDA:13,getPluralChildren
DA:1,1
DA:2,1
DA:4,1
DA:5,1
DA:11,1
DA:12,1
DA:14,1
DA:15,1
DA:16,15
DA:25,15
DA:28,1
DA:32,1
DA:33,1
DA:35,1
DA:36,1
DA:37,1
DA:38,15
DA:41,1
DA:54,1
DA:70,1
DA:71,0
DA:83,1
DA:84,13
DA:85,13
DA:99,1
DA:100,13
DA:101,13
DA:104,13
DA:105,13
DA:107,53
DA:109,53
DA:110,53
DA:111,53
DA:112,53
DA:113,53
DA:115,53
DA:118,13
LF:37
LH:36
BRDA:12,1,0,0
BRDA:12,1,1,1
BRDA:25,2,0,2
BRDA:25,2,1,13
BRDA:33,3,0,0
BRDA:33,3,1,1
BRDA:38,4,0,13
BRDA:38,4,1,2
BRDA:87,5,0,2
BRDA:87,5,1,11
BRDA:107,6,0,53
BRDA:107,6,1,0
BRDA:107,7,0,53
BRDA:107,7,1,53
BRDA:109,8,0,53
BRDA:109,8,1,0
BRF:16
BRH:14
end_of_record
